<?xml version="1.0" encoding="UTF-8"?>
<!-- Generated by org.testng.reporters.JUnitReportReporter -->
<testsuite skipped="0" hostname="CBT-MH-000" name="Twitter" tests="2" failures="0" timestamp="10 Oct 2019 11:28:08 GMT" time="5.524" errors="0">
  <testcase name="gettweets" time="4.880" classname="Twitter"/>
  <testcase name="posttweets" time="0.644" classname="Twitter"/>
</testsuite> <!-- Twitter -->
