<?xml version="1.0" encoding="UTF-8"?>
<!-- Generated by org.testng.reporters.JUnitReportReporter -->
<testsuite skipped="0" hostname="CBT-MH-000" name="Twittertrends" tests="1" failures="0" timestamp="14 Oct 2019 09:00:57 GMT" time="10.296" errors="0">
  <testcase name="updatetweets" time="10.296" classname="Twittertrends"/>
</testsuite> <!-- Twittertrends -->
