<?xml version="1.0" encoding="UTF-8"?>
<!-- Generated by org.testng.reporters.JUnitReportReporter -->
<testsuite skipped="0" hostname="CBT-MH-000" name="Tweeterserach" tests="1" failures="0" timestamp="12 Oct 2019 09:03:27 GMT" time="9.305" errors="0">
  <testcase name="searchtweet" time="9.305" classname="Tweeterserach"/>
</testsuite> <!-- Tweeterserach -->
